<?xml version="1.0" encoding="UTF-8"?>
<!-- Generated by org.testng.reporters.JUnitReportReporter -->
<testsuite skipped="0" hostname="ARAVINDA-DELL-PERSONAL" name="testng.DataproviderDemo" tests="2" failures="0" timestamp="11 Jul 2022 07:30:25 GMT" time="0.011" errors="0">
  <testcase name="testDP" time="0.001" classname="testng.DataproviderDemo"/>
  <testcase name="testDP" time="0.010" classname="testng.DataproviderDemo"/>
</testsuite> <!-- testng.DataproviderDemo -->
