<?xml version="1.0" encoding="UTF-8"?>
<!-- Generated by org.testng.reporters.JUnitReportReporter -->
<testsuite skipped="0" hostname="ARAVINDA-DELL-PERSONAL" name="testng.HelloWorldTestNG" tests="4" failures="0" timestamp="11 Jul 2022 09:42:20 GMT" time="0.015" errors="0">
  <testcase name="login" time="0.002" classname="testng.HelloWorldTestNG"/>
  <testcase name="logout" time="0.002" classname="testng.HelloWorldTestNG"/>
  <testcase name="createUsers" time="0.001" classname="testng.HelloWorldTestNG"/>
  <testcase name="launch" time="0.010" classname="testng.HelloWorldTestNG"/>
</testsuite> <!-- testng.HelloWorldTestNG -->
