<?xml version="1.0" encoding="UTF-8"?>
<!-- Generated by org.testng.reporters.JUnitReportReporter -->
<testsuite skipped="0" hostname="ARAVINDA-DELL-PERSONAL" name="testng.AutoSuggestion" tests="5" failures="0" timestamp="11 Jul 2022 09:42:20 GMT" time="1.138" errors="0">
  <testcase name="searhOrg" time="0.205" classname="testng.AutoSuggestion"/>
  <testcase name="searhOrg" time="0.215" classname="testng.AutoSuggestion"/>
  <testcase name="searhOrg" time="0.189" classname="testng.AutoSuggestion"/>
  <testcase name="searhOrg" time="0.187" classname="testng.AutoSuggestion"/>
  <testcase name="searhOrg" time="0.342" classname="testng.AutoSuggestion"/>
</testsuite> <!-- testng.AutoSuggestion -->
