<?xml version="1.0" encoding="UTF-8"?>
<!-- Generated by org.testng.reporters.JUnitReportReporter -->
<testsuite skipped="0" hostname="ARAVINDA-DELL-PERSONAL" name="testng.PrintSuggestionUsingPOM" tests="5" failures="0" timestamp="11 Jul 2022 10:35:10 GMT" time="23.839" errors="0">
  <testcase name="searhOrgUsingPOM" time="1.368" classname="testng.PrintSuggestionUsingPOM"/>
  <testcase name="searhOrgUsingPOM" time="1.370" classname="testng.PrintSuggestionUsingPOM"/>
  <testcase name="searhOrgUsingPOM" time="19.380" classname="testng.PrintSuggestionUsingPOM"/>
  <testcase name="searhOrgUsingPOM" time="0.520" classname="testng.PrintSuggestionUsingPOM"/>
  <testcase name="searhOrgUsingPOM" time="1.201" classname="testng.PrintSuggestionUsingPOM"/>
</testsuite> <!-- testng.PrintSuggestionUsingPOM -->
