<?xml version="1.0" encoding="UTF-8"?>
<!-- Generated by org.testng.reporters.JUnitReportReporter -->
<testsuite skipped="0" hostname="ARAVINDA-DELL-PERSONAL" name="testng.HelloWorldTestNG2" tests="4" failures="0" timestamp="11 Jul 2022 09:42:20 GMT" time="0.009" errors="0">
  <testcase name="launch" time="0.002" classname="testng.HelloWorldTestNG2"/>
  <testcase name="login" time="0.001" classname="testng.HelloWorldTestNG2"/>
  <testcase name="createUsers" time="0.002" classname="testng.HelloWorldTestNG2"/>
  <testcase name="logout" time="0.004" classname="testng.HelloWorldTestNG2"/>
</testsuite> <!-- testng.HelloWorldTestNG2 -->
