<?xml version="1.0" encoding="UTF-8"?>
<!-- Generated by org.testng.reporters.JUnitReportReporter -->
<testsuite skipped="0" hostname="ARAVINDA-DELL-PERSONAL" name="testng.AllAnnotations" tests="1" failures="0" timestamp="11 Jul 2022 07:10:17 GMT" time="0.004" errors="0">
  <testcase name="f" time="0.004" classname="testng.AllAnnotations"/>
</testsuite> <!-- testng.AllAnnotations -->
