<?xml version="1.0" encoding="UTF-8"?>
<!-- Generated by org.testng.reporters.JUnitReportReporter -->
<testsuite skipped="0" hostname="ARAVINDA-DELL-PERSONAL" name="testng.TestDataProvider" tests="5" failures="0" timestamp="11 Jul 2022 07:45:13 GMT" time="0.013" errors="0">
  <testcase name="createCustomer" time="0.001" classname="testng.TestDataProvider"/>
  <testcase name="createCustomer" time="0.007" classname="testng.TestDataProvider"/>
  <testcase name="createCustomer" time="0.002" classname="testng.TestDataProvider"/>
  <testcase name="createCustomer" time="0.001" classname="testng.TestDataProvider"/>
  <testcase name="createCustomer" time="0.002" classname="testng.TestDataProvider"/>
</testsuite> <!-- testng.TestDataProvider -->
